{"C:\\Users\\Zoser\\Desktop\\projetos\\EmprestaAi\\expo-env.d.ts": {"path":"C:\\Users\\Zoser\\Desktop\\projetos\\EmprestaAi\\expo-env.d.ts","statementMap":{},"fnMap":{},"branchMap":{},"s":{},"f":{},"b":{}}
,"C:\\Users\\Zoser\\Desktop\\projetos\\EmprestaAi\\.expo\\types\\router.d.ts": {"path":"C:\\Users\\Zoser\\Desktop\\projetos\\EmprestaAi\\.expo\\types\\router.d.ts","statementMap":{},"fnMap":{},"branchMap":{},"s":{},"f":{},"b":{}}
,"C:\\Users\\Zoser\\Desktop\\projetos\\EmprestaAi\\app\\+html.tsx": {"path":"C:\\Users\\Zoser\\Desktop\\projetos\\EmprestaAi\\app\\+html.tsx","statementMap":{"0":{"start":{"line":8,"column":2},"end":{"line":27,"column":4}},"1":{"start":{"line":30,"column":29},"end":{"line":38,"column":2}}},"fnMap":{"0":{"name":"Root","decl":{"start":{"line":7,"column":24},"end":{"line":7,"column":28}},"loc":{"start":{"line":7,"column":74},"end":{"line":28,"column":1}},"line":7}},"branchMap":{},"s":{"0":0,"1":0},"f":{"0":0},"b":{}}
,"C:\\Users\\Zoser\\Desktop\\projetos\\EmprestaAi\\app\\+not-found.tsx": {"path":"C:\\Users\\Zoser\\Desktop\\projetos\\EmprestaAi\\app\\+not-found.tsx","statementMap":{"0":{"start":{"line":7,"column":2},"end":{"line":18,"column":4}},"1":{"start":{"line":21,"column":15},"end":{"line":40,"column":2}}},"fnMap":{"0":{"name":"NotFoundScreen","decl":{"start":{"line":6,"column":24},"end":{"line":6,"column":38}},"loc":{"start":{"line":6,"column":41},"end":{"line":19,"column":1}},"line":6}},"branchMap":{},"s":{"0":0,"1":0},"f":{"0":0},"b":{}}
,"C:\\Users\\Zoser\\Desktop\\projetos\\EmprestaAi\\app\\_layout.tsx": {"path":"C:\\Users\\Zoser\\Desktop\\projetos\\EmprestaAi\\app\\_layout.tsx","statementMap":{"0":{"start":{"line":16,"column":33},"end":{"line":19,"column":1}},"1":{"start":{"line":22,"column":0},"end":{"line":22,"column":36}},"2":{"start":{"line":25,"column":26},"end":{"line":28,"column":4}},"3":{"start":{"line":31,"column":2},"end":{"line":33,"column":14}},"4":{"start":{"line":32,"column":4},"end":{"line":32,"column":27}},"5":{"start":{"line":32,"column":15},"end":{"line":32,"column":27}},"6":{"start":{"line":35,"column":2},"end":{"line":39,"column":15}},"7":{"start":{"line":36,"column":4},"end":{"line":38,"column":5}},"8":{"start":{"line":37,"column":6},"end":{"line":37,"column":31}},"9":{"start":{"line":41,"column":2},"end":{"line":43,"column":3}},"10":{"start":{"line":42,"column":4},"end":{"line":42,"column":16}},"11":{"start":{"line":45,"column":2},"end":{"line":45,"column":27}},"12":{"start":{"line":49,"column":22},"end":{"line":49,"column":38}},"13":{"start":{"line":51,"column":2},"end":{"line":58,"column":4}}},"fnMap":{"0":{"name":"RootLayout","decl":{"start":{"line":24,"column":24},"end":{"line":24,"column":34}},"loc":{"start":{"line":24,"column":37},"end":{"line":46,"column":1}},"line":24},"1":{"name":"(anonymous_1)","decl":{"start":{"line":31,"column":12},"end":{"line":31,"column":13}},"loc":{"start":{"line":31,"column":18},"end":{"line":33,"column":3}},"line":31},"2":{"name":"(anonymous_2)","decl":{"start":{"line":35,"column":12},"end":{"line":35,"column":13}},"loc":{"start":{"line":35,"column":18},"end":{"line":39,"column":3}},"line":35},"3":{"name":"RootLayoutNav","decl":{"start":{"line":48,"column":9},"end":{"line":48,"column":22}},"loc":{"start":{"line":48,"column":25},"end":{"line":59,"column":1}},"line":48}},"branchMap":{"0":{"loc":{"start":{"line":32,"column":4},"end":{"line":32,"column":27}},"type":"if","locations":[{"start":{"line":32,"column":4},"end":{"line":32,"column":27}},{"start":{},"end":{}}],"line":32},"1":{"loc":{"start":{"line":36,"column":4},"end":{"line":38,"column":5}},"type":"if","locations":[{"start":{"line":36,"column":4},"end":{"line":38,"column":5}},{"start":{},"end":{}}],"line":36},"2":{"loc":{"start":{"line":41,"column":2},"end":{"line":43,"column":3}},"type":"if","locations":[{"start":{"line":41,"column":2},"end":{"line":43,"column":3}},{"start":{},"end":{}}],"line":41},"3":{"loc":{"start":{"line":52,"column":26},"end":{"line":52,"column":75}},"type":"cond-expr","locations":[{"start":{"line":52,"column":51},"end":{"line":52,"column":60}},{"start":{"line":52,"column":63},"end":{"line":52,"column":75}}],"line":52}},"s":{"0":0,"1":0,"2":0,"3":0,"4":0,"5":0,"6":0,"7":0,"8":0,"9":0,"10":0,"11":0,"12":0,"13":0},"f":{"0":0,"1":0,"2":0,"3":0},"b":{"0":[0,0],"1":[0,0],"2":[0,0],"3":[0,0]}}
,"C:\\Users\\Zoser\\Desktop\\projetos\\EmprestaAi\\app\\modal.tsx": {"path":"C:\\Users\\Zoser\\Desktop\\projetos\\EmprestaAi\\app\\modal.tsx","statementMap":{"0":{"start":{"line":6,"column":19},"end":{"line":6,"column":28}},"1":{"start":{"line":7,"column":21},"end":{"line":7,"column":30}},"2":{"start":{"line":8,"column":25},"end":{"line":8,"column":34}},"3":{"start":{"line":9,"column":19},"end":{"line":9,"column":28}},"4":{"start":{"line":10,"column":14},"end":{"line":10,"column":23}},"5":{"start":{"line":13,"column":23},"end":{"line":15,"column":1}},"6":{"start":{"line":14,"column":2},"end":{"line":14,"column":79}},"7":{"start":{"line":18,"column":19},"end":{"line":18,"column":41}},"8":{"start":{"line":20,"column":22},"end":{"line":20,"column":86}},"9":{"start":{"line":22,"column":4},"end":{"line":28,"column":5}},"10":{"start":{"line":23,"column":8},"end":{"line":27,"column":10}},"11":{"start":{"line":30,"column":2},"end":{"line":65,"column":4}},"12":{"start":{"line":51,"column":32},"end":{"line":51,"column":51}},"13":{"start":{"line":53,"column":12},"end":{"line":58,"column":19}},"14":{"start":{"line":68,"column":15},"end":{"line":135,"column":2}}},"fnMap":{"0":{"name":"(anonymous_0)","decl":{"start":{"line":13,"column":23},"end":{"line":13,"column":24}},"loc":{"start":{"line":13,"column":42},"end":{"line":15,"column":1}},"line":13},"1":{"name":"ResultadoSimulacaoModal","decl":{"start":{"line":17,"column":24},"end":{"line":17,"column":47}},"loc":{"start":{"line":17,"column":50},"end":{"line":66,"column":1}},"line":17},"2":{"name":"(anonymous_2)","decl":{"start":{"line":51,"column":22},"end":{"line":51,"column":23}},"loc":{"start":{"line":51,"column":32},"end":{"line":51,"column":51}},"line":51},"3":{"name":"(anonymous_3)","decl":{"start":{"line":52,"column":20},"end":{"line":52,"column":21}},"loc":{"start":{"line":53,"column":12},"end":{"line":58,"column":19}},"line":53}},"branchMap":{"0":{"loc":{"start":{"line":20,"column":22},"end":{"line":20,"column":86}},"type":"cond-expr","locations":[{"start":{"line":20,"column":41},"end":{"line":20,"column":79}},{"start":{"line":20,"column":82},"end":{"line":20,"column":86}}],"line":20},"1":{"loc":{"start":{"line":22,"column":4},"end":{"line":28,"column":5}},"type":"if","locations":[{"start":{"line":22,"column":4},"end":{"line":28,"column":5}},{"start":{},"end":{}}],"line":22},"2":{"loc":{"start":{"line":53,"column":43},"end":{"line":53,"column":85}},"type":"cond-expr","locations":[{"start":{"line":53,"column":61},"end":{"line":53,"column":80}},{"start":{"line":53,"column":83},"end":{"line":53,"column":85}}],"line":53}},"s":{"0":0,"1":0,"2":0,"3":0,"4":0,"5":0,"6":0,"7":0,"8":0,"9":0,"10":0,"11":0,"12":0,"13":0,"14":0},"f":{"0":0,"1":0,"2":0,"3":0},"b":{"0":[0,0],"1":[0,0],"2":[0,0]}}
,"C:\\Users\\Zoser\\Desktop\\projetos\\EmprestaAi\\app\\(tabs)\\_layout.tsx": {"path":"C:\\Users\\Zoser\\Desktop\\projetos\\EmprestaAi\\app\\(tabs)\\_layout.tsx","statementMap":{"0":{"start":{"line":5,"column":19},"end":{"line":5,"column":28}},"1":{"start":{"line":6,"column":21},"end":{"line":6,"column":30}},"2":{"start":{"line":9,"column":2},"end":{"line":9,"column":76}},"3":{"start":{"line":13,"column":2},"end":{"line":50,"column":4}},"4":{"start":{"line":38,"column":37},"end":{"line":38,"column":81}},"5":{"start":{"line":46,"column":37},"end":{"line":46,"column":84}}},"fnMap":{"0":{"name":"TabBarIcon","decl":{"start":{"line":8,"column":9},"end":{"line":8,"column":19}},"loc":{"start":{"line":8,"column":103},"end":{"line":10,"column":1}},"line":8},"1":{"name":"TabLayout","decl":{"start":{"line":12,"column":24},"end":{"line":12,"column":33}},"loc":{"start":{"line":12,"column":36},"end":{"line":51,"column":1}},"line":12},"2":{"name":"(anonymous_2)","decl":{"start":{"line":38,"column":22},"end":{"line":38,"column":23}},"loc":{"start":{"line":38,"column":37},"end":{"line":38,"column":81}},"line":38},"3":{"name":"(anonymous_3)","decl":{"start":{"line":46,"column":22},"end":{"line":46,"column":23}},"loc":{"start":{"line":46,"column":37},"end":{"line":46,"column":84}},"line":46}},"branchMap":{},"s":{"0":0,"1":0,"2":0,"3":0,"4":0,"5":0},"f":{"0":0,"1":0,"2":0,"3":0},"b":{}}
,"C:\\Users\\Zoser\\Desktop\\projetos\\EmprestaAi\\app\\(tabs)\\cadastrar.tsx": {"path":"C:\\Users\\Zoser\\Desktop\\projetos\\EmprestaAi\\app\\(tabs)\\cadastrar.tsx","statementMap":{"0":{"start":{"line":6,"column":19},"end":{"line":6,"column":28}},"1":{"start":{"line":7,"column":21},"end":{"line":7,"column":30}},"2":{"start":{"line":8,"column":25},"end":{"line":8,"column":34}},"3":{"start":{"line":9,"column":19},"end":{"line":9,"column":28}},"4":{"start":{"line":11,"column":16},"end":{"line":11,"column":41}},"5":{"start":{"line":15,"column":17},"end":{"line":15,"column":28}},"6":{"start":{"line":16,"column":26},"end":{"line":16,"column":38}},"7":{"start":{"line":17,"column":26},"end":{"line":17,"column":38}},"8":{"start":{"line":18,"column":28},"end":{"line":18,"column":40}},"9":{"start":{"line":20,"column":42},"end":{"line":20,"column":71}},"10":{"start":{"line":22,"column":26},"end":{"line":46,"column":3}},"11":{"start":{"line":23,"column":4},"end":{"line":26,"column":5}},"12":{"start":{"line":24,"column":6},"end":{"line":24,"column":66}},"13":{"start":{"line":25,"column":6},"end":{"line":25,"column":13}},"14":{"start":{"line":28,"column":4},"end":{"line":45,"column":5}},"15":{"start":{"line":29,"column":23},"end":{"line":37,"column":8}},"16":{"start":{"line":39,"column":6},"end":{"line":39,"column":73}},"17":{"start":{"line":39,"column":24},"end":{"line":39,"column":73}},"18":{"start":{"line":41,"column":6},"end":{"line":41,"column":65}},"19":{"start":{"line":42,"column":6},"end":{"line":42,"column":23}},"20":{"start":{"line":44,"column":6},"end":{"line":44,"column":68}},"21":{"start":{"line":48,"column":2},"end":{"line":93,"column":4}},"22":{"start":{"line":62,"column":25},"end":{"line":62,"column":48}},"23":{"start":{"line":63,"column":24},"end":{"line":63,"column":45}},"24":{"start":{"line":73,"column":25},"end":{"line":73,"column":48}},"25":{"start":{"line":74,"column":24},"end":{"line":74,"column":45}},"26":{"start":{"line":84,"column":25},"end":{"line":84,"column":49}},"27":{"start":{"line":85,"column":24},"end":{"line":85,"column":45}},"28":{"start":{"line":96,"column":15},"end":{"line":152,"column":2}}},"fnMap":{"0":{"name":"CadastrarScreen","decl":{"start":{"line":14,"column":24},"end":{"line":14,"column":39}},"loc":{"start":{"line":14,"column":42},"end":{"line":94,"column":1}},"line":14},"1":{"name":"(anonymous_1)","decl":{"start":{"line":22,"column":26},"end":{"line":22,"column":27}},"loc":{"start":{"line":22,"column":38},"end":{"line":46,"column":3}},"line":22},"2":{"name":"(anonymous_2)","decl":{"start":{"line":62,"column":19},"end":{"line":62,"column":20}},"loc":{"start":{"line":62,"column":25},"end":{"line":62,"column":48}},"line":62},"3":{"name":"(anonymous_3)","decl":{"start":{"line":63,"column":18},"end":{"line":63,"column":19}},"loc":{"start":{"line":63,"column":24},"end":{"line":63,"column":45}},"line":63},"4":{"name":"(anonymous_4)","decl":{"start":{"line":73,"column":19},"end":{"line":73,"column":20}},"loc":{"start":{"line":73,"column":25},"end":{"line":73,"column":48}},"line":73},"5":{"name":"(anonymous_5)","decl":{"start":{"line":74,"column":18},"end":{"line":74,"column":19}},"loc":{"start":{"line":74,"column":24},"end":{"line":74,"column":45}},"line":74},"6":{"name":"(anonymous_6)","decl":{"start":{"line":84,"column":19},"end":{"line":84,"column":20}},"loc":{"start":{"line":84,"column":25},"end":{"line":84,"column":49}},"line":84},"7":{"name":"(anonymous_7)","decl":{"start":{"line":85,"column":18},"end":{"line":85,"column":19}},"loc":{"start":{"line":85,"column":24},"end":{"line":85,"column":45}},"line":85}},"branchMap":{"0":{"loc":{"start":{"line":23,"column":4},"end":{"line":26,"column":5}},"type":"if","locations":[{"start":{"line":23,"column":4},"end":{"line":26,"column":5}},{"start":{},"end":{}}],"line":23},"1":{"loc":{"start":{"line":23,"column":8},"end":{"line":23,"column":32}},"type":"binary-expr","locations":[{"start":{"line":23,"column":8},"end":{"line":23,"column":13}},{"start":{"line":23,"column":17},"end":{"line":23,"column":22}},{"start":{"line":23,"column":26},"end":{"line":23,"column":32}}],"line":23},"2":{"loc":{"start":{"line":39,"column":6},"end":{"line":39,"column":73}},"type":"if","locations":[{"start":{"line":39,"column":6},"end":{"line":39,"column":73}},{"start":{},"end":{}}],"line":39},"3":{"loc":{"start":{"line":50,"column":16},"end":{"line":50,"column":60}},"type":"cond-expr","locations":[{"start":{"line":50,"column":40},"end":{"line":50,"column":49}},{"start":{"line":50,"column":52},"end":{"line":50,"column":60}}],"line":50},"4":{"loc":{"start":{"line":58,"column":32},"end":{"line":58,"column":78}},"type":"binary-expr","locations":[{"start":{"line":58,"column":32},"end":{"line":58,"column":55}},{"start":{"line":58,"column":59},"end":{"line":58,"column":78}}],"line":58},"5":{"loc":{"start":{"line":68,"column":32},"end":{"line":68,"column":78}},"type":"binary-expr","locations":[{"start":{"line":68,"column":32},"end":{"line":68,"column":55}},{"start":{"line":68,"column":59},"end":{"line":68,"column":78}}],"line":68},"6":{"loc":{"start":{"line":79,"column":32},"end":{"line":79,"column":79}},"type":"binary-expr","locations":[{"start":{"line":79,"column":32},"end":{"line":79,"column":56}},{"start":{"line":79,"column":60},"end":{"line":79,"column":79}}],"line":79}},"s":{"0":1,"1":1,"2":1,"3":1,"4":1,"5":4,"6":4,"7":4,"8":4,"9":4,"10":4,"11":1,"12":1,"13":1,"14":0,"15":0,"16":0,"17":0,"18":0,"19":0,"20":0,"21":4,"22":0,"23":0,"24":0,"25":0,"26":0,"27":0,"28":1},"f":{"0":4,"1":1,"2":0,"3":0,"4":0,"5":0,"6":0,"7":0},"b":{"0":[1,0],"1":[1,0,0],"2":[0,0],"3":[4,0],"4":[4,0],"5":[4,0],"6":[4,0]},"_coverageSchema":"1a1c01bbd47fc00a2c39e90264f33305004495a9","hash":"2125f906a4f0b268120279ea0df80435869672ea"}
,"C:\\Users\\Zoser\\Desktop\\projetos\\EmprestaAi\\app\\(tabs)\\index.tsx": {"path":"C:\\Users\\Zoser\\Desktop\\projetos\\EmprestaAi\\app\\(tabs)\\index.tsx","statementMap":{"0":{"start":{"line":6,"column":19},"end":{"line":6,"column":28}},"1":{"start":{"line":7,"column":25},"end":{"line":7,"column":34}},"2":{"start":{"line":8,"column":19},"end":{"line":8,"column":28}},"3":{"start":{"line":19,"column":16},"end":{"line":19,"column":41}},"4":{"start":{"line":22,"column":34},"end":{"line":22,"column":57}},"5":{"start":{"line":23,"column":32},"end":{"line":23,"column":46}},"6":{"start":{"line":25,"column":24},"end":{"line":36,"column":3}},"7":{"start":{"line":26,"column":4},"end":{"line":35,"column":5}},"8":{"start":{"line":27,"column":6},"end":{"line":27,"column":23}},"9":{"start":{"line":28,"column":23},"end":{"line":28,"column":57}},"10":{"start":{"line":29,"column":19},"end":{"line":29,"column":40}},"11":{"start":{"line":30,"column":6},"end":{"line":30,"column":24}},"12":{"start":{"line":32,"column":6},"end":{"line":32,"column":55}},"13":{"start":{"line":34,"column":6},"end":{"line":34,"column":24}},"14":{"start":{"line":39,"column":2},"end":{"line":43,"column":4}},"15":{"start":{"line":41,"column":6},"end":{"line":41,"column":22}},"16":{"start":{"line":45,"column":2},"end":{"line":52,"column":3}},"17":{"start":{"line":46,"column":4},"end":{"line":51,"column":6}},"18":{"start":{"line":54,"column":2},"end":{"line":74,"column":4}},"19":{"start":{"line":58,"column":32},"end":{"line":58,"column":39}},"20":{"start":{"line":60,"column":10},"end":{"line":69,"column":17}},"21":{"start":{"line":77,"column":15},"end":{"line":124,"column":2}}},"fnMap":{"0":{"name":"ListaProdutosScreen","decl":{"start":{"line":21,"column":24},"end":{"line":21,"column":43}},"loc":{"start":{"line":21,"column":46},"end":{"line":75,"column":1}},"line":21},"1":{"name":"(anonymous_1)","decl":{"start":{"line":25,"column":24},"end":{"line":25,"column":25}},"loc":{"start":{"line":25,"column":36},"end":{"line":36,"column":3}},"line":25},"2":{"name":"(anonymous_2)","decl":{"start":{"line":40,"column":22},"end":{"line":40,"column":23}},"loc":{"start":{"line":40,"column":28},"end":{"line":42,"column":5}},"line":40},"3":{"name":"(anonymous_3)","decl":{"start":{"line":58,"column":22},"end":{"line":58,"column":23}},"loc":{"start":{"line":58,"column":32},"end":{"line":58,"column":39}},"line":58},"4":{"name":"(anonymous_4)","decl":{"start":{"line":59,"column":20},"end":{"line":59,"column":21}},"loc":{"start":{"line":60,"column":10},"end":{"line":69,"column":17}},"line":60}},"branchMap":{"0":{"loc":{"start":{"line":45,"column":2},"end":{"line":52,"column":3}},"type":"if","locations":[{"start":{"line":45,"column":2},"end":{"line":52,"column":3}},{"start":{},"end":{}}],"line":45}},"s":{"0":1,"1":1,"2":1,"3":1,"4":157,"5":156,"6":156,"7":156,"8":156,"9":156,"10":156,"11":156,"12":0,"13":156,"14":156,"15":156,"16":156,"17":156,"18":0,"19":0,"20":0,"21":1},"f":{"0":157,"1":156,"2":156,"3":0,"4":0},"b":{"0":[156,0]},"_coverageSchema":"1a1c01bbd47fc00a2c39e90264f33305004495a9","hash":"6376e37c17d6f5897511aa75819558dac219e4fe"}
,"C:\\Users\\Zoser\\Desktop\\projetos\\EmprestaAi\\app\\produto\\[id].tsx": {"path":"C:\\Users\\Zoser\\Desktop\\projetos\\EmprestaAi\\app\\produto\\[id].tsx","statementMap":{"0":{"start":{"line":6,"column":19},"end":{"line":6,"column":28}},"1":{"start":{"line":7,"column":21},"end":{"line":7,"column":30}},"2":{"start":{"line":8,"column":25},"end":{"line":8,"column":34}},"3":{"start":{"line":9,"column":19},"end":{"line":9,"column":28}},"4":{"start":{"line":19,"column":16},"end":{"line":19,"column":41}},"5":{"start":{"line":22,"column":17},"end":{"line":22,"column":55}},"6":{"start":{"line":23,"column":17},"end":{"line":23,"column":28}},"7":{"start":{"line":24,"column":32},"end":{"line":24,"column":62}},"8":{"start":{"line":25,"column":32},"end":{"line":25,"column":46}},"9":{"start":{"line":26,"column":44},"end":{"line":26,"column":56}},"10":{"start":{"line":27,"column":28},"end":{"line":27,"column":40}},"11":{"start":{"line":28,"column":42},"end":{"line":28,"column":71}},"12":{"start":{"line":30,"column":2},"end":{"line":49,"column":11}},"13":{"start":{"line":31,"column":33},"end":{"line":45,"column":5}},"14":{"start":{"line":34,"column":8},"end":{"line":44,"column":9}},"15":{"start":{"line":35,"column":12},"end":{"line":35,"column":29}},"16":{"start":{"line":36,"column":29},"end":{"line":36,"column":63}},"17":{"start":{"line":37,"column":40},"end":{"line":37,"column":61}},"18":{"start":{"line":38,"column":31},"end":{"line":38,"column":62}},"19":{"start":{"line":38,"column":50},"end":{"line":38,"column":61}},"20":{"start":{"line":39,"column":12},"end":{"line":39,"column":43}},"21":{"start":{"line":41,"column":12},"end":{"line":41,"column":85}},"22":{"start":{"line":43,"column":12},"end":{"line":43,"column":30}},"23":{"start":{"line":46,"column":4},"end":{"line":48,"column":5}},"24":{"start":{"line":47,"column":8},"end":{"line":47,"column":31}},"25":{"start":{"line":51,"column":24},"end":{"line":80,"column":3}},"26":{"start":{"line":52,"column":4},"end":{"line":55,"column":5}},"27":{"start":{"line":53,"column":6},"end":{"line":53,"column":71}},"28":{"start":{"line":54,"column":6},"end":{"line":54,"column":13}},"29":{"start":{"line":56,"column":4},"end":{"line":59,"column":5}},"30":{"start":{"line":57,"column":6},"end":{"line":57,"column":99}},"31":{"start":{"line":58,"column":6},"end":{"line":58,"column":13}},"32":{"start":{"line":61,"column":4},"end":{"line":79,"column":5}},"33":{"start":{"line":62,"column":25},"end":{"line":70,"column":10}},"34":{"start":{"line":71,"column":8},"end":{"line":71,"column":62}},"35":{"start":{"line":71,"column":25},"end":{"line":71,"column":62}},"36":{"start":{"line":72,"column":26},"end":{"line":72,"column":47}},"37":{"start":{"line":75,"column":8},"end":{"line":75,"column":94}},"38":{"start":{"line":78,"column":8},"end":{"line":78,"column":70}},"39":{"start":{"line":82,"column":2},"end":{"line":84,"column":3}},"40":{"start":{"line":83,"column":4},"end":{"line":83,"column":102}},"41":{"start":{"line":86,"column":2},"end":{"line":88,"column":3}},"42":{"start":{"line":87,"column":4},"end":{"line":87,"column":85}},"43":{"start":{"line":90,"column":2},"end":{"line":129,"column":4}},"44":{"start":{"line":109,"column":25},"end":{"line":109,"column":49}},"45":{"start":{"line":110,"column":24},"end":{"line":110,"column":45}},"46":{"start":{"line":120,"column":25},"end":{"line":120,"column":49}},"47":{"start":{"line":121,"column":24},"end":{"line":121,"column":45}},"48":{"start":{"line":132,"column":15},"end":{"line":197,"column":2}}},"fnMap":{"0":{"name":"SimulacaoScreen","decl":{"start":{"line":21,"column":24},"end":{"line":21,"column":39}},"loc":{"start":{"line":21,"column":42},"end":{"line":130,"column":1}},"line":21},"1":{"name":"(anonymous_1)","decl":{"start":{"line":30,"column":12},"end":{"line":30,"column":13}},"loc":{"start":{"line":30,"column":18},"end":{"line":49,"column":3}},"line":30},"2":{"name":"(anonymous_2)","decl":{"start":{"line":31,"column":33},"end":{"line":31,"column":34}},"loc":{"start":{"line":31,"column":45},"end":{"line":45,"column":5}},"line":31},"3":{"name":"(anonymous_3)","decl":{"start":{"line":38,"column":45},"end":{"line":38,"column":46}},"loc":{"start":{"line":38,"column":50},"end":{"line":38,"column":61}},"line":38},"4":{"name":"(anonymous_4)","decl":{"start":{"line":51,"column":24},"end":{"line":51,"column":25}},"loc":{"start":{"line":51,"column":36},"end":{"line":80,"column":3}},"line":51},"5":{"name":"(anonymous_5)","decl":{"start":{"line":109,"column":19},"end":{"line":109,"column":20}},"loc":{"start":{"line":109,"column":25},"end":{"line":109,"column":49}},"line":109},"6":{"name":"(anonymous_6)","decl":{"start":{"line":110,"column":18},"end":{"line":110,"column":19}},"loc":{"start":{"line":110,"column":24},"end":{"line":110,"column":45}},"line":110},"7":{"name":"(anonymous_7)","decl":{"start":{"line":120,"column":19},"end":{"line":120,"column":20}},"loc":{"start":{"line":120,"column":25},"end":{"line":120,"column":49}},"line":120},"8":{"name":"(anonymous_8)","decl":{"start":{"line":121,"column":18},"end":{"line":121,"column":19}},"loc":{"start":{"line":121,"column":24},"end":{"line":121,"column":45}},"line":121}},"branchMap":{"0":{"loc":{"start":{"line":39,"column":23},"end":{"line":39,"column":41}},"type":"binary-expr","locations":[{"start":{"line":39,"column":23},"end":{"line":39,"column":33}},{"start":{"line":39,"column":37},"end":{"line":39,"column":41}}],"line":39},"1":{"loc":{"start":{"line":46,"column":4},"end":{"line":48,"column":5}},"type":"if","locations":[{"start":{"line":46,"column":4},"end":{"line":48,"column":5}},{"start":{},"end":{}}],"line":46},"2":{"loc":{"start":{"line":52,"column":4},"end":{"line":55,"column":5}},"type":"if","locations":[{"start":{"line":52,"column":4},"end":{"line":55,"column":5}},{"start":{},"end":{}}],"line":52},"3":{"loc":{"start":{"line":52,"column":8},"end":{"line":52,"column":44}},"type":"binary-expr","locations":[{"start":{"line":52,"column":8},"end":{"line":52,"column":22}},{"start":{"line":52,"column":26},"end":{"line":52,"column":32}},{"start":{"line":52,"column":36},"end":{"line":52,"column":44}}],"line":52},"4":{"loc":{"start":{"line":56,"column":4},"end":{"line":59,"column":5}},"type":"if","locations":[{"start":{"line":56,"column":4},"end":{"line":59,"column":5}},{"start":{},"end":{}}],"line":56},"5":{"loc":{"start":{"line":71,"column":8},"end":{"line":71,"column":62}},"type":"if","locations":[{"start":{"line":71,"column":8},"end":{"line":71,"column":62}},{"start":{},"end":{}}],"line":71},"6":{"loc":{"start":{"line":82,"column":2},"end":{"line":84,"column":3}},"type":"if","locations":[{"start":{"line":82,"column":2},"end":{"line":84,"column":3}},{"start":{},"end":{}}],"line":82},"7":{"loc":{"start":{"line":86,"column":2},"end":{"line":88,"column":3}},"type":"if","locations":[{"start":{"line":86,"column":2},"end":{"line":88,"column":3}},{"start":{},"end":{}}],"line":86},"8":{"loc":{"start":{"line":92,"column":16},"end":{"line":92,"column":60}},"type":"cond-expr","locations":[{"start":{"line":92,"column":40},"end":{"line":92,"column":49}},{"start":{"line":92,"column":52},"end":{"line":92,"column":60}}],"line":92},"9":{"loc":{"start":{"line":104,"column":32},"end":{"line":104,"column":79}},"type":"binary-expr","locations":[{"start":{"line":104,"column":32},"end":{"line":104,"column":56}},{"start":{"line":104,"column":60},"end":{"line":104,"column":79}}],"line":104},"10":{"loc":{"start":{"line":115,"column":32},"end":{"line":115,"column":79}},"type":"binary-expr","locations":[{"start":{"line":115,"column":32},"end":{"line":115,"column":56}},{"start":{"line":115,"column":60},"end":{"line":115,"column":79}}],"line":115}},"s":{"0":1,"1":1,"2":1,"3":1,"4":1,"5":10,"6":10,"7":10,"8":10,"9":10,"10":10,"11":10,"12":10,"13":3,"14":3,"15":3,"16":3,"17":3,"18":3,"19":3,"20":3,"21":0,"22":3,"23":3,"24":3,"25":10,"26":2,"27":0,"28":0,"29":2,"30":1,"31":1,"32":1,"33":1,"34":1,"35":0,"36":1,"37":1,"38":0,"39":10,"40":3,"41":7,"42":0,"43":7,"44":0,"45":0,"46":0,"47":0,"48":1},"f":{"0":10,"1":3,"2":3,"3":3,"4":2,"5":0,"6":0,"7":0,"8":0},"b":{"0":[3,0],"1":[3,0],"2":[0,2],"3":[2,2,2],"4":[1,1],"5":[0,1],"6":[3,7],"7":[0,7],"8":[7,0],"9":[7,0],"10":[7,0]},"_coverageSchema":"1a1c01bbd47fc00a2c39e90264f33305004495a9","hash":"9dfb190a6c5e5c75a0e8902ff3c9cd2c82d1a84b"}
,"C:\\Users\\Zoser\\Desktop\\projetos\\EmprestaAi\\components\\CaixaButton.tsx": {"path":"C:\\Users\\Zoser\\Desktop\\projetos\\EmprestaAi\\components\\CaixaButton.tsx","statementMap":{"0":{"start":{"line":13,"column":22},"end":{"line":16,"column":3}},"1":{"start":{"line":18,"column":2},"end":{"line":26,"column":4}},"2":{"start":{"line":29,"column":15},"end":{"line":49,"column":2}}},"fnMap":{"0":{"name":"CaixaButton","decl":{"start":{"line":12,"column":24},"end":{"line":12,"column":35}},"loc":{"start":{"line":12,"column":109},"end":{"line":27,"column":1}},"line":12}},"branchMap":{"0":{"loc":{"start":{"line":12,"column":54},"end":{"line":12,"column":69}},"type":"default-arg","locations":[{"start":{"line":12,"column":64},"end":{"line":12,"column":69}}],"line":12},"1":{"loc":{"start":{"line":12,"column":71},"end":{"line":12,"column":87}},"type":"default-arg","locations":[{"start":{"line":12,"column":82},"end":{"line":12,"column":87}}],"line":12},"2":{"loc":{"start":{"line":15,"column":4},"end":{"line":15,"column":50}},"type":"binary-expr","locations":[{"start":{"line":15,"column":5},"end":{"line":15,"column":13}},{"start":{"line":15,"column":17},"end":{"line":15,"column":24}},{"start":{"line":15,"column":29},"end":{"line":15,"column":50}}],"line":15},"3":{"loc":{"start":{"line":19,"column":70},"end":{"line":19,"column":89}},"type":"binary-expr","locations":[{"start":{"line":19,"column":70},"end":{"line":19,"column":78}},{"start":{"line":19,"column":82},"end":{"line":19,"column":89}}],"line":19},"4":{"loc":{"start":{"line":20,"column":7},"end":{"line":24,"column":7}},"type":"cond-expr","locations":[{"start":{"line":21,"column":8},"end":{"line":21,"column":50}},{"start":{"line":23,"column":8},"end":{"line":23,"column":54}}],"line":20}},"s":{"0":0,"1":0,"2":0},"f":{"0":0},"b":{"0":[0],"1":[0],"2":[0,0,0],"3":[0,0],"4":[0,0]}}
,"C:\\Users\\Zoser\\Desktop\\projetos\\EmprestaAi\\components\\CaixaInput.tsx": {"path":"C:\\Users\\Zoser\\Desktop\\projetos\\EmprestaAi\\components\\CaixaInput.tsx","statementMap":{"0":{"start":{"line":10,"column":36},"end":{"line":10,"column":51}},"1":{"start":{"line":12,"column":2},"end":{"line":23,"column":4}},"2":{"start":{"line":17,"column":23},"end":{"line":17,"column":41}},"3":{"start":{"line":18,"column":22},"end":{"line":18,"column":41}},"4":{"start":{"line":26,"column":15},"end":{"line":53,"column":2}}},"fnMap":{"0":{"name":"CaixaInput","decl":{"start":{"line":9,"column":24},"end":{"line":9,"column":34}},"loc":{"start":{"line":9,"column":80},"end":{"line":24,"column":1}},"line":9},"1":{"name":"(anonymous_1)","decl":{"start":{"line":17,"column":17},"end":{"line":17,"column":18}},"loc":{"start":{"line":17,"column":23},"end":{"line":17,"column":41}},"line":17},"2":{"name":"(anonymous_2)","decl":{"start":{"line":18,"column":16},"end":{"line":18,"column":17}},"loc":{"start":{"line":18,"column":22},"end":{"line":18,"column":41}},"line":18}},"branchMap":{"0":{"loc":{"start":{"line":16,"column":30},"end":{"line":16,"column":62}},"type":"binary-expr","locations":[{"start":{"line":16,"column":30},"end":{"line":16,"column":39}},{"start":{"line":16,"column":43},"end":{"line":16,"column":62}}],"line":16}},"s":{"0":0,"1":0,"2":0,"3":0,"4":0},"f":{"0":0,"1":0,"2":0},"b":{"0":[0,0]}}
,"C:\\Users\\Zoser\\Desktop\\projetos\\EmprestaAi\\constants\\theme.tsx": {"path":"C:\\Users\\Zoser\\Desktop\\projetos\\EmprestaAi\\constants\\theme.tsx","statementMap":{"0":{"start":{"line":2,"column":22},"end":{"line":12,"column":1}},"1":{"start":{"line":15,"column":23},"end":{"line":19,"column":1}}},"fnMap":{},"branchMap":{},"s":{"0":0,"1":0},"f":{},"b":{}}
,"C:\\Users\\Zoser\\Desktop\\projetos\\EmprestaAi\\services\\api.ts": {"path":"C:\\Users\\Zoser\\Desktop\\projetos\\EmprestaAi\\services\\api.ts","statementMap":{"0":{"start":{"line":6,"column":16},"end":{"line":6,"column":41}},"1":{"start":{"line":47,"column":29},"end":{"line":53,"column":1}},"2":{"start":{"line":48,"column":19},"end":{"line":48,"column":53}},"3":{"start":{"line":49,"column":2},"end":{"line":51,"column":3}},"4":{"start":{"line":50,"column":4},"end":{"line":50,"column":56}},"5":{"start":{"line":52,"column":2},"end":{"line":52,"column":25}},"6":{"start":{"line":55,"column":29},"end":{"line":65,"column":1}},"7":{"start":{"line":56,"column":19},"end":{"line":60,"column":4}},"8":{"start":{"line":61,"column":2},"end":{"line":63,"column":3}},"9":{"start":{"line":62,"column":4},"end":{"line":62,"column":53}},"10":{"start":{"line":64,"column":2},"end":{"line":64,"column":25}},"11":{"start":{"line":67,"column":32},"end":{"line":77,"column":1}},"12":{"start":{"line":68,"column":19},"end":{"line":72,"column":4}},"13":{"start":{"line":73,"column":2},"end":{"line":75,"column":3}},"14":{"start":{"line":74,"column":4},"end":{"line":74,"column":54}},"15":{"start":{"line":76,"column":2},"end":{"line":76,"column":25}}},"fnMap":{"0":{"name":"(anonymous_0)","decl":{"start":{"line":47,"column":29},"end":{"line":47,"column":30}},"loc":{"start":{"line":47,"column":61},"end":{"line":53,"column":1}},"line":47},"1":{"name":"(anonymous_1)","decl":{"start":{"line":55,"column":29},"end":{"line":55,"column":30}},"loc":{"start":{"line":55,"column":79},"end":{"line":65,"column":1}},"line":55},"2":{"name":"(anonymous_2)","decl":{"start":{"line":67,"column":32},"end":{"line":67,"column":33}},"loc":{"start":{"line":67,"column":95},"end":{"line":77,"column":1}},"line":67}},"branchMap":{"0":{"loc":{"start":{"line":49,"column":2},"end":{"line":51,"column":3}},"type":"if","locations":[{"start":{"line":49,"column":2},"end":{"line":51,"column":3}},{"start":{},"end":{}}],"line":49},"1":{"loc":{"start":{"line":61,"column":2},"end":{"line":63,"column":3}},"type":"if","locations":[{"start":{"line":61,"column":2},"end":{"line":63,"column":3}},{"start":{},"end":{}}],"line":61},"2":{"loc":{"start":{"line":73,"column":2},"end":{"line":75,"column":3}},"type":"if","locations":[{"start":{"line":73,"column":2},"end":{"line":75,"column":3}},{"start":{},"end":{}}],"line":73}},"s":{"0":0,"1":0,"2":0,"3":0,"4":0,"5":0,"6":0,"7":0,"8":0,"9":0,"10":0,"11":0,"12":0,"13":0,"14":0,"15":0},"f":{"0":0,"1":0,"2":0},"b":{"0":[0,0],"1":[0,0],"2":[0,0]}}
}
