TN:
SF:expo-env.d.ts
FNF:0
FNH:0
LF:0
LH:0
BRF:0
BRH:0
end_of_record
TN:
SF:.expo\types\router.d.ts
FNF:0
FNH:0
LF:0
LH:0
BRF:0
BRH:0
end_of_record
TN:
SF:app\+html.tsx
FN:7,Root
FNF:1
FNH:0
FNDA:0,Root
DA:8,0
DA:30,0
LF:2
LH:0
BRF:0
BRH:0
end_of_record
TN:
SF:app\+not-found.tsx
FN:6,NotFoundScreen
FNF:1
FNH:0
FNDA:0,NotFoundScreen
DA:7,0
DA:21,0
LF:2
LH:0
BRF:0
BRH:0
end_of_record
TN:
SF:app\_layout.tsx
FN:24,RootLayout
FN:31,(anonymous_1)
FN:35,(anonymous_2)
FN:48,RootLayoutNav
FNF:4
FNH:0
FNDA:0,RootLayout
FNDA:0,(anonymous_1)
FNDA:0,(anonymous_2)
FNDA:0,RootLayoutNav
DA:16,0
DA:22,0
DA:25,0
DA:31,0
DA:32,0
DA:35,0
DA:36,0
DA:37,0
DA:41,0
DA:42,0
DA:45,0
DA:49,0
DA:51,0
LF:13
LH:0
BRDA:32,0,0,0
BRDA:32,0,1,0
BRDA:36,1,0,0
BRDA:36,1,1,0
BRDA:41,2,0,0
BRDA:41,2,1,0
BRDA:52,3,0,0
BRDA:52,3,1,0
BRF:8
BRH:0
end_of_record
TN:
SF:app\modal.tsx
FN:13,(anonymous_0)
FN:17,ResultadoSimulacaoModal
FN:51,(anonymous_2)
FN:52,(anonymous_3)
FNF:4
FNH:0
FNDA:0,(anonymous_0)
FNDA:0,ResultadoSimulacaoModal
FNDA:0,(anonymous_2)
FNDA:0,(anonymous_3)
DA:6,0
DA:7,0
DA:8,0
DA:9,0
DA:10,0
DA:13,0
DA:14,0
DA:18,0
DA:20,0
DA:22,0
DA:23,0
DA:30,0
DA:51,0
DA:53,0
DA:68,0
LF:15
LH:0
BRDA:20,0,0,0
BRDA:20,0,1,0
BRDA:22,1,0,0
BRDA:22,1,1,0
BRDA:53,2,0,0
BRDA:53,2,1,0
BRF:6
BRH:0
end_of_record
TN:
SF:app\(tabs)\_layout.tsx
FN:8,TabBarIcon
FN:12,TabLayout
FN:38,(anonymous_2)
FN:46,(anonymous_3)
FNF:4
FNH:0
FNDA:0,TabBarIcon
FNDA:0,TabLayout
FNDA:0,(anonymous_2)
FNDA:0,(anonymous_3)
DA:5,0
DA:6,0
DA:9,0
DA:13,0
DA:38,0
DA:46,0
LF:6
LH:0
BRF:0
BRH:0
end_of_record
TN:
SF:app\(tabs)\cadastrar.tsx
FN:14,CadastrarScreen
FN:22,(anonymous_1)
FN:62,(anonymous_2)
FN:63,(anonymous_3)
FN:73,(anonymous_4)
FN:74,(anonymous_5)
FN:84,(anonymous_6)
FN:85,(anonymous_7)
FNF:8
FNH:2
FNDA:4,CadastrarScreen
FNDA:1,(anonymous_1)
FNDA:0,(anonymous_2)
FNDA:0,(anonymous_3)
FNDA:0,(anonymous_4)
FNDA:0,(anonymous_5)
FNDA:0,(anonymous_6)
FNDA:0,(anonymous_7)
DA:6,1
DA:7,1
DA:8,1
DA:9,1
DA:11,1
DA:15,4
DA:16,4
DA:17,4
DA:18,4
DA:20,4
DA:22,4
DA:23,1
DA:24,1
DA:25,1
DA:28,0
DA:29,0
DA:39,0
DA:41,0
DA:42,0
DA:44,0
DA:48,4
DA:62,0
DA:63,0
DA:73,0
DA:74,0
DA:84,0
DA:85,0
DA:96,1
LF:28
LH:16
BRDA:23,0,0,1
BRDA:23,0,1,0
BRDA:23,1,0,1
BRDA:23,1,1,0
BRDA:23,1,2,0
BRDA:39,2,0,0
BRDA:39,2,1,0
BRDA:50,3,0,4
BRDA:50,3,1,0
BRDA:58,4,0,4
BRDA:58,4,1,0
BRDA:68,5,0,4
BRDA:68,5,1,0
BRDA:79,6,0,4
BRDA:79,6,1,0
BRF:15
BRH:6
end_of_record
TN:
SF:app\(tabs)\index.tsx
FN:21,ListaProdutosScreen
FN:25,(anonymous_1)
FN:40,(anonymous_2)
FN:58,(anonymous_3)
FN:59,(anonymous_4)
FNF:5
FNH:3
FNDA:157,ListaProdutosScreen
FNDA:156,(anonymous_1)
FNDA:156,(anonymous_2)
FNDA:0,(anonymous_3)
FNDA:0,(anonymous_4)
DA:6,1
DA:7,1
DA:8,1
DA:19,1
DA:22,157
DA:23,156
DA:25,156
DA:26,156
DA:27,156
DA:28,156
DA:29,156
DA:30,156
DA:32,0
DA:34,156
DA:39,156
DA:41,156
DA:45,156
DA:46,156
DA:54,0
DA:58,0
DA:60,0
DA:77,1
LF:22
LH:18
BRDA:45,0,0,156
BRDA:45,0,1,0
BRF:2
BRH:1
end_of_record
TN:
SF:app\produto\[id].tsx
FN:21,SimulacaoScreen
FN:30,(anonymous_1)
FN:31,(anonymous_2)
FN:38,(anonymous_3)
FN:51,(anonymous_4)
FN:109,(anonymous_5)
FN:110,(anonymous_6)
FN:120,(anonymous_7)
FN:121,(anonymous_8)
FNF:9
FNH:5
FNDA:10,SimulacaoScreen
FNDA:3,(anonymous_1)
FNDA:3,(anonymous_2)
FNDA:3,(anonymous_3)
FNDA:2,(anonymous_4)
FNDA:0,(anonymous_5)
FNDA:0,(anonymous_6)
FNDA:0,(anonymous_7)
FNDA:0,(anonymous_8)
DA:6,1
DA:7,1
DA:8,1
DA:9,1
DA:19,1
DA:22,10
DA:23,10
DA:24,10
DA:25,10
DA:26,10
DA:27,10
DA:28,10
DA:30,10
DA:31,3
DA:34,3
DA:35,3
DA:36,3
DA:37,3
DA:38,3
DA:39,3
DA:41,0
DA:43,3
DA:46,3
DA:47,3
DA:51,10
DA:52,2
DA:53,0
DA:54,0
DA:56,2
DA:57,1
DA:58,1
DA:61,1
DA:62,1
DA:71,1
DA:72,1
DA:75,1
DA:78,0
DA:82,10
DA:83,3
DA:86,7
DA:87,0
DA:90,7
DA:109,0
DA:110,0
DA:120,0
DA:121,0
DA:132,1
LF:47
LH:38
BRDA:39,0,0,3
BRDA:39,0,1,0
BRDA:46,1,0,3
BRDA:46,1,1,0
BRDA:52,2,0,0
BRDA:52,2,1,2
BRDA:52,3,0,2
BRDA:52,3,1,2
BRDA:52,3,2,2
BRDA:56,4,0,1
BRDA:56,4,1,1
BRDA:71,5,0,0
BRDA:71,5,1,1
BRDA:82,6,0,3
BRDA:82,6,1,7
BRDA:86,7,0,0
BRDA:86,7,1,7
BRDA:92,8,0,7
BRDA:92,8,1,0
BRDA:104,9,0,7
BRDA:104,9,1,0
BRDA:115,10,0,7
BRDA:115,10,1,0
BRF:23
BRH:15
end_of_record
TN:
SF:components\CaixaButton.tsx
FN:12,CaixaButton
FNF:1
FNH:0
FNDA:0,CaixaButton
DA:13,0
DA:18,0
DA:29,0
LF:3
LH:0
BRDA:12,0,0,0
BRDA:12,1,0,0
BRDA:15,2,0,0
BRDA:15,2,1,0
BRDA:15,2,2,0
BRDA:19,3,0,0
BRDA:19,3,1,0
BRDA:20,4,0,0
BRDA:20,4,1,0
BRF:9
BRH:0
end_of_record
TN:
SF:components\CaixaInput.tsx
FN:9,CaixaInput
FN:17,(anonymous_1)
FN:18,(anonymous_2)
FNF:3
FNH:0
FNDA:0,CaixaInput
FNDA:0,(anonymous_1)
FNDA:0,(anonymous_2)
DA:10,0
DA:12,0
DA:17,0
DA:18,0
DA:26,0
LF:5
LH:0
BRDA:16,0,0,0
BRDA:16,0,1,0
BRF:2
BRH:0
end_of_record
TN:
SF:constants\theme.tsx
FNF:0
FNH:0
DA:2,0
DA:15,0
LF:2
LH:0
BRF:0
BRH:0
end_of_record
TN:
SF:services\api.ts
FN:47,(anonymous_0)
FN:55,(anonymous_1)
FN:67,(anonymous_2)
FNF:3
FNH:0
FNDA:0,(anonymous_0)
FNDA:0,(anonymous_1)
FNDA:0,(anonymous_2)
DA:6,0
DA:47,0
DA:48,0
DA:49,0
DA:50,0
DA:52,0
DA:55,0
DA:56,0
DA:61,0
DA:62,0
DA:64,0
DA:67,0
DA:68,0
DA:73,0
DA:74,0
DA:76,0
LF:16
LH:0
BRDA:49,0,0,0
BRDA:49,0,1,0
BRDA:61,1,0,0
BRDA:61,1,1,0
BRDA:73,2,0,0
BRDA:73,2,1,0
BRF:6
BRH:0
end_of_record
